<?xml version="1.0" encoding="UTF-8"?>
<testng-results ignored="0" total="1" passed="1" failed="0" skipped="0">
  <reporter-output>
  </reporter-output>
  <suite started-at="2023-05-26T19:41:39 IST" name="Default suite" finished-at="2023-05-26T19:43:29 IST" duration-ms="109308">
    <groups>
    </groups>
    <test started-at="2023-05-26T19:41:39 IST" name="Default test" finished-at="2023-05-26T19:43:29 IST" duration-ms="109308">
      <class name="testScripts.SendContactDetailsTest">
        <test-method is-config="true" signature="classConfig()[pri:0, instance:testScripts.SendContactDetailsTest@383bfa16]" started-at="2023-05-26T19:41:39 IST" name="classConfig" finished-at="2023-05-26T19:41:41 IST" duration-ms="1214" status="PASS">
          <reporter-output>
          </reporter-output>
        </test-method> <!-- classConfig -->
        <test-method is-config="true" signature="methodConfig()[pri:0, instance:testScripts.SendContactDetailsTest@383bfa16]" started-at="2023-05-26T19:41:41 IST" name="methodConfig" finished-at="2023-05-26T19:42:42 IST" duration-ms="60992" status="PASS">
          <reporter-output>
          </reporter-output>
        </test-method> <!-- methodConfig -->
        <test-method signature="sendContactDetailsTest()[pri:0, instance:testScripts.SendContactDetailsTest@383bfa16]" started-at="2023-05-26T19:42:42 IST" name="sendContactDetailsTest" finished-at="2023-05-26T19:43:14 IST" duration-ms="32422" status="PASS">
          <reporter-output>
          </reporter-output>
        </test-method> <!-- sendContactDetailsTest -->
        <test-method is-config="true" signature="methodTearDown()[pri:0, instance:testScripts.SendContactDetailsTest@383bfa16]" started-at="2023-05-26T19:43:14 IST" name="methodTearDown" finished-at="2023-05-26T19:43:29 IST" duration-ms="14557" status="PASS">
          <reporter-output>
          </reporter-output>
        </test-method> <!-- methodTearDown -->
        <test-method is-config="true" signature="classTearDown()[pri:0, instance:testScripts.SendContactDetailsTest@383bfa16]" started-at="2023-05-26T19:43:29 IST" name="classTearDown" finished-at="2023-05-26T19:43:29 IST" duration-ms="1" status="PASS">
          <reporter-output>
          </reporter-output>
        </test-method> <!-- classTearDown -->
      </class> <!-- testScripts.SendContactDetailsTest -->
    </test> <!-- Default test -->
  </suite> <!-- Default suite -->
</testng-results>
